<?xml version="1.0" encoding="UTF-8"?>
<!-- Generated by org.testng.reporters.JUnitReportReporter -->
<testsuite skipped="0" hostname="XKL-0526" name="com.imdpeach.runner.TestRunner" tests="2" failures="0" timestamp="13 Mar 2020 06:59:02 GMT" time="92.176" errors="0">
  <testcase name="feature" time="78.855" classname="com.imdpeach.runner.TestRunner"/>
  <testcase name="feature" time="13.321" classname="com.imdpeach.runner.TestRunner"/>
</testsuite> <!-- com.imdpeach.runner.TestRunner -->
