<?xml version="1.0" encoding="UTF-8"?>
<!-- Generated by org.testng.reporters.JUnitReportReporter -->
<testsuite skipped="0" hostname="XKL-0526" name="com.cimbbank.runner.TestRunner" tests="2" failures="0" timestamp="19 Mar 2020 15:13:41 GMT" time="135.250" errors="0">
  <testcase name="feature" time="55.352" classname="com.cimbbank.runner.TestRunner"/>
  <testcase name="feature" time="79.898" classname="com.cimbbank.runner.TestRunner"/>
</testsuite> <!-- com.cimbbank.runner.TestRunner -->
